{"/Users/mishalla/Desktop/SurgeReactor/server/index.js":{"path":"/Users/mishalla/Desktop/SurgeReactor/server/index.js","statementMap":{"0":{"start":{"line":1,"column":11},"end":{"line":1,"column":30}},"1":{"start":{"line":2,"column":16},"end":{"line":2,"column":34}},"2":{"start":{"line":3,"column":19},"end":{"line":3,"column":41}},"3":{"start":{"line":4,"column":16},"end":{"line":4,"column":39}},"4":{"start":{"line":6,"column":12},"end":{"line":6,"column":21}},"5":{"start":{"line":8,"column":0},"end":{"line":8,"column":27}},"6":{"start":{"line":10,"column":0},"end":{"line":10,"column":40}},"7":{"start":{"line":12,"column":0},"end":{"line":12,"column":46}},"8":{"start":{"line":14,"column":0},"end":{"line":14,"column":47}},"9":{"start":{"line":16,"column":0},"end":{"line":16,"column":41}},"10":{"start":{"line":18,"column":0},"end":{"line":18,"column":43}},"11":{"start":{"line":18,"column":29},"end":{"line":18,"column":39}},"12":{"start":{"line":20,"column":0},"end":{"line":20,"column":48}},"13":{"start":{"line":22,"column":0},"end":{"line":22,"column":59}},"14":{"start":{"line":24,"column":0},"end":{"line":24,"column":41}},"15":{"start":{"line":27,"column":0},"end":{"line":29,"column":3}},"16":{"start":{"line":28,"column":2},"end":{"line":28,"column":41}},"17":{"start":{"line":36,"column":0},"end":{"line":36,"column":21}}},"fnMap":{"0":{"name":"(anonymous_0)","decl":{"start":{"line":18,"column":13},"end":{"line":18,"column":14}},"loc":{"start":{"line":18,"column":27},"end":{"line":18,"column":41}},"line":18},"1":{"name":"(anonymous_1)","decl":{"start":{"line":27,"column":17},"end":{"line":27,"column":18}},"loc":{"start":{"line":27,"column":23},"end":{"line":29,"column":1}},"line":27}},"branchMap":{},"s":{"0":1,"1":1,"2":1,"3":1,"4":1,"5":1,"6":1,"7":1,"8":1,"9":1,"10":1,"11":1,"12":1,"13":1,"14":1,"15":1,"16":1,"17":1},"f":{"0":1,"1":1},"b":{},"_coverageSchema":"332fd63041d2c1bcb487cc26dd0d5f7d97098a6c","hash":"7603bf0d459d626b4b98adeae29f8f0d942759f5","contentHash":"1e9c471bc49a9aa98f21e067d1de5acf_11.4.1"},"/Users/mishalla/Desktop/SurgeReactor/newrelic.js":{"path":"/Users/mishalla/Desktop/SurgeReactor/newrelic.js","statementMap":{"0":{"start":{"line":8,"column":0},"end":{"line":53,"column":1}}},"fnMap":{},"branchMap":{},"s":{"0":1},"f":{},"b":{},"_coverageSchema":"332fd63041d2c1bcb487cc26dd0d5f7d97098a6c","hash":"14557aa8c5586063c90b0d319997cc74b51b9100","contentHash":"37591eea0af28782fb1e6471985e3ffa_11.4.1"},"/Users/mishalla/Desktop/SurgeReactor/server/handler.js":{"path":"/Users/mishalla/Desktop/SurgeReactor/server/handler.js","statementMap":{"0":{"start":{"line":1,"column":17},"end":{"line":1,"column":32}},"1":{"start":{"line":2,"column":13},"end":{"line":2,"column":72}},"2":{"start":{"line":3,"column":15},"end":{"line":3,"column":37}},"3":{"start":{"line":4,"column":11},"end":{"line":4,"column":29}},"4":{"start":{"line":7,"column":0},"end":{"line":108,"column":2}},"5":{"start":{"line":10,"column":22},"end":{"line":10,"column":32}},"6":{"start":{"line":12,"column":4},"end":{"line":29,"column":5}},"7":{"start":{"line":13,"column":6},"end":{"line":13,"column":26}},"8":{"start":{"line":14,"column":6},"end":{"line":14,"column":16}},"9":{"start":{"line":15,"column":11},"end":{"line":29,"column":5}},"10":{"start":{"line":16,"column":6},"end":{"line":16,"column":26}},"11":{"start":{"line":17,"column":6},"end":{"line":17,"column":16}},"12":{"start":{"line":19,"column":6},"end":{"line":28,"column":9}},"13":{"start":{"line":20,"column":8},"end":{"line":27,"column":9}},"14":{"start":{"line":21,"column":10},"end":{"line":21,"column":24}},"15":{"start":{"line":22,"column":10},"end":{"line":22,"column":20}},"16":{"start":{"line":23,"column":15},"end":{"line":27,"column":9}},"17":{"start":{"line":25,"column":10},"end":{"line":25,"column":63}},"18":{"start":{"line":26,"column":10},"end":{"line":26,"column":20}},"19":{"start":{"line":33,"column":25},"end":{"line":33,"column":33}},"20":{"start":{"line":35,"column":4},"end":{"line":54,"column":5}},"21":{"start":{"line":36,"column":6},"end":{"line":36,"column":26}},"22":{"start":{"line":38,"column":6},"end":{"line":53,"column":9}},"23":{"start":{"line":39,"column":8},"end":{"line":52,"column":9}},"24":{"start":{"line":40,"column":10},"end":{"line":40,"column":27}},"25":{"start":{"line":41,"column":10},"end":{"line":41,"column":62}},"26":{"start":{"line":43,"column":28},"end":{"line":43,"column":52}},"27":{"start":{"line":44,"column":27},"end":{"line":49,"column":11}},"28":{"start":{"line":51,"column":10},"end":{"line":51,"column":29}},"29":{"start":{"line":58,"column":20},"end":{"line":58,"column":30}},"30":{"start":{"line":59,"column":4},"end":{"line":65,"column":7}},"31":{"start":{"line":60,"column":6},"end":{"line":64,"column":7}},"32":{"start":{"line":61,"column":8},"end":{"line":61,"column":25}},"33":{"start":{"line":63,"column":8},"end":{"line":63,"column":39}},"34":{"start":{"line":66,"column":4},"end":{"line":66,"column":14}},"35":{"start":{"line":70,"column":20},"end":{"line":70,"column":30}},"36":{"start":{"line":72,"column":4},"end":{"line":79,"column":7}},"37":{"start":{"line":73,"column":6},"end":{"line":78,"column":7}},"38":{"start":{"line":74,"column":8},"end":{"line":74,"column":25}},"39":{"start":{"line":76,"column":8},"end":{"line":76,"column":39}},"40":{"start":{"line":77,"column":8},"end":{"line":77,"column":18}},"41":{"start":{"line":84,"column":4},"end":{"line":84,"column":56}},"42":{"start":{"line":85,"column":4},"end":{"line":85,"column":22}},"43":{"start":{"line":86,"column":4},"end":{"line":86,"column":14}},"44":{"start":{"line":90,"column":23},"end":{"line":90,"column":33}},"45":{"start":{"line":91,"column":4},"end":{"line":91,"column":34}},"46":{"start":{"line":92,"column":4},"end":{"line":92,"column":22}},"47":{"start":{"line":105,"column":2},"end":{"line":105,"column":12}}},"fnMap":{"0":{"name":"(anonymous_0)","decl":{"start":{"line":9,"column":14},"end":{"line":9,"column":15}},"loc":{"start":{"line":9,"column":28},"end":{"line":30,"column":3}},"line":9},"1":{"name":"(anonymous_1)","decl":{"start":{"line":19,"column":74},"end":{"line":19,"column":75}},"loc":{"start":{"line":19,"column":89},"end":{"line":28,"column":7}},"line":19},"2":{"name":"(anonymous_2)","decl":{"start":{"line":32,"column":15},"end":{"line":32,"column":16}},"loc":{"start":{"line":32,"column":29},"end":{"line":55,"column":3}},"line":32},"3":{"name":"(anonymous_3)","decl":{"start":{"line":38,"column":21},"end":{"line":38,"column":22}},"loc":{"start":{"line":38,"column":37},"end":{"line":53,"column":7}},"line":38},"4":{"name":"(anonymous_4)","decl":{"start":{"line":57,"column":15},"end":{"line":57,"column":16}},"loc":{"start":{"line":57,"column":29},"end":{"line":67,"column":3}},"line":57},"5":{"name":"(anonymous_5)","decl":{"start":{"line":59,"column":37},"end":{"line":59,"column":38}},"loc":{"start":{"line":59,"column":52},"end":{"line":65,"column":5}},"line":59},"6":{"name":"(anonymous_6)","decl":{"start":{"line":69,"column":12},"end":{"line":69,"column":13}},"loc":{"start":{"line":69,"column":26},"end":{"line":81,"column":3}},"line":69},"7":{"name":"(anonymous_7)","decl":{"start":{"line":72,"column":37},"end":{"line":72,"column":38}},"loc":{"start":{"line":72,"column":52},"end":{"line":79,"column":5}},"line":72},"8":{"name":"(anonymous_8)","decl":{"start":{"line":83,"column":16},"end":{"line":83,"column":17}},"loc":{"start":{"line":83,"column":30},"end":{"line":87,"column":3}},"line":83},"9":{"name":"(anonymous_9)","decl":{"start":{"line":89,"column":17},"end":{"line":89,"column":18}},"loc":{"start":{"line":89,"column":31},"end":{"line":93,"column":3}},"line":89},"10":{"name":"(anonymous_10)","decl":{"start":{"line":95,"column":16},"end":{"line":95,"column":17}},"loc":{"start":{"line":95,"column":30},"end":{"line":107,"column":3}},"line":95}},"branchMap":{"0":{"loc":{"start":{"line":12,"column":4},"end":{"line":29,"column":5}},"type":"if","locations":[{"start":{"line":12,"column":4},"end":{"line":29,"column":5}},{"start":{"line":12,"column":4},"end":{"line":29,"column":5}}],"line":12},"1":{"loc":{"start":{"line":12,"column":8},"end":{"line":12,"column":49}},"type":"binary-expr","locations":[{"start":{"line":12,"column":8},"end":{"line":12,"column":26}},{"start":{"line":12,"column":30},"end":{"line":12,"column":49}}],"line":12},"2":{"loc":{"start":{"line":15,"column":11},"end":{"line":29,"column":5}},"type":"if","locations":[{"start":{"line":15,"column":11},"end":{"line":29,"column":5}},{"start":{"line":15,"column":11},"end":{"line":29,"column":5}}],"line":15},"3":{"loc":{"start":{"line":15,"column":16},"end":{"line":15,"column":51}},"type":"binary-expr","locations":[{"start":{"line":15,"column":16},"end":{"line":15,"column":31}},{"start":{"line":15,"column":35},"end":{"line":15,"column":51}}],"line":15},"4":{"loc":{"start":{"line":20,"column":8},"end":{"line":27,"column":9}},"type":"if","locations":[{"start":{"line":20,"column":8},"end":{"line":27,"column":9}},{"start":{"line":20,"column":8},"end":{"line":27,"column":9}}],"line":20},"5":{"loc":{"start":{"line":23,"column":15},"end":{"line":27,"column":9}},"type":"if","locations":[{"start":{"line":23,"column":15},"end":{"line":27,"column":9}},{"start":{"line":23,"column":15},"end":{"line":27,"column":9}}],"line":23},"6":{"loc":{"start":{"line":35,"column":4},"end":{"line":54,"column":5}},"type":"if","locations":[{"start":{"line":35,"column":4},"end":{"line":54,"column":5}},{"start":{"line":35,"column":4},"end":{"line":54,"column":5}}],"line":35},"7":{"loc":{"start":{"line":39,"column":8},"end":{"line":52,"column":9}},"type":"if","locations":[{"start":{"line":39,"column":8},"end":{"line":52,"column":9}},{"start":{"line":39,"column":8},"end":{"line":52,"column":9}}],"line":39},"8":{"loc":{"start":{"line":43,"column":28},"end":{"line":43,"column":52}},"type":"cond-expr","locations":[{"start":{"line":43,"column":40},"end":{"line":43,"column":44}},{"start":{"line":43,"column":47},"end":{"line":43,"column":52}}],"line":43},"9":{"loc":{"start":{"line":60,"column":6},"end":{"line":64,"column":7}},"type":"if","locations":[{"start":{"line":60,"column":6},"end":{"line":64,"column":7}},{"start":{"line":60,"column":6},"end":{"line":64,"column":7}}],"line":60},"10":{"loc":{"start":{"line":73,"column":6},"end":{"line":78,"column":7}},"type":"if","locations":[{"start":{"line":73,"column":6},"end":{"line":78,"column":7}},{"start":{"line":73,"column":6},"end":{"line":78,"column":7}}],"line":73}},"s":{"0":1,"1":1,"2":1,"3":1,"4":1,"5":5,"6":5,"7":1,"8":1,"9":4,"10":2,"11":2,"12":2,"13":2,"14":0,"15":0,"16":2,"17":2,"18":2,"19":2,"20":2,"21":1,"22":1,"23":1,"24":0,"25":0,"26":1,"27":1,"28":1,"29":0,"30":0,"31":0,"32":0,"33":0,"34":0,"35":0,"36":0,"37":0,"38":0,"39":0,"40":0,"41":0,"42":0,"43":0,"44":0,"45":0,"46":0,"47":1},"f":{"0":5,"1":2,"2":2,"3":1,"4":0,"5":0,"6":0,"7":0,"8":0,"9":0,"10":1},"b":{"0":[1,4],"1":[5,3],"2":[2,2],"3":[4,3],"4":[0,2],"5":[2,0],"6":[1,1],"7":[0,1],"8":[0,1],"9":[0,0],"10":[0,0]},"_coverageSchema":"332fd63041d2c1bcb487cc26dd0d5f7d97098a6c","hash":"630325de903dfe730691e0685eece57f48e91f66","contentHash":"7f012d49055583cf9b4d2ad31c67d489_11.4.1"},"/Users/mishalla/Desktop/SurgeReactor/server/worker.js":{"path":"/Users/mishalla/Desktop/SurgeReactor/server/worker.js","statementMap":{"0":{"start":{"line":1,"column":17},"end":{"line":1,"column":32}},"1":{"start":{"line":2,"column":13},"end":{"line":2,"column":72}},"2":{"start":{"line":3,"column":19},"end":{"line":3,"column":43}},"3":{"start":{"line":4,"column":20},"end":{"line":4,"column":47}},"4":{"start":{"line":5,"column":21},"end":{"line":5,"column":48}},"5":{"start":{"line":6,"column":12},"end":{"line":6,"column":28}},"6":{"start":{"line":7,"column":13},"end":{"line":7,"column":33}},"7":{"start":{"line":10,"column":0},"end":{"line":48,"column":3}},"8":{"start":{"line":11,"column":14},"end":{"line":11,"column":16}},"9":{"start":{"line":12,"column":2},"end":{"line":46,"column":5}},"10":{"start":{"line":13,"column":4},"end":{"line":45,"column":5}},"11":{"start":{"line":14,"column":6},"end":{"line":14,"column":30}},"12":{"start":{"line":16,"column":6},"end":{"line":44,"column":7}},"13":{"start":{"line":17,"column":8},"end":{"line":39,"column":11}},"14":{"start":{"line":18,"column":10},"end":{"line":38,"column":11}},"15":{"start":{"line":19,"column":12},"end":{"line":19,"column":29}},"16":{"start":{"line":21,"column":12},"end":{"line":21,"column":50}},"17":{"start":{"line":22,"column":12},"end":{"line":22,"column":57}},"18":{"start":{"line":23,"column":12},"end":{"line":23,"column":39}},"19":{"start":{"line":25,"column":12},"end":{"line":30,"column":15}},"20":{"start":{"line":26,"column":14},"end":{"line":29,"column":15}},"21":{"start":{"line":27,"column":16},"end":{"line":27,"column":33}},"22":{"start":{"line":28,"column":21},"end":{"line":29,"column":15}},"23":{"start":{"line":31,"column":12},"end":{"line":37,"column":15}},"24":{"start":{"line":32,"column":14},"end":{"line":36,"column":15}},"25":{"start":{"line":35,"column":16},"end":{"line":35,"column":50}},"26":{"start":{"line":40,"column":8},"end":{"line":40,"column":29}},"27":{"start":{"line":41,"column":8},"end":{"line":41,"column":15}},"28":{"start":{"line":43,"column":8},"end":{"line":43,"column":37}},"29":{"start":{"line":47,"column":2},"end":{"line":47,"column":14}},"30":{"start":{"line":49,"column":0},"end":{"line":51,"column":3}},"31":{"start":{"line":50,"column":2},"end":{"line":50,"column":54}},"32":{"start":{"line":52,"column":0},"end":{"line":54,"column":3}},"33":{"start":{"line":53,"column":2},"end":{"line":53,"column":52}},"34":{"start":{"line":55,"column":0},"end":{"line":57,"column":3}},"35":{"start":{"line":56,"column":2},"end":{"line":56,"column":59}},"36":{"start":{"line":59,"column":0},"end":{"line":85,"column":3}},"37":{"start":{"line":61,"column":16},"end":{"line":61,"column":31}},"38":{"start":{"line":62,"column":38},"end":{"line":62,"column":43}},"39":{"start":{"line":65,"column":22},"end":{"line":65,"column":88}},"40":{"start":{"line":69,"column":23},"end":{"line":69,"column":90}},"41":{"start":{"line":72,"column":18},"end":{"line":72,"column":22}},"42":{"start":{"line":73,"column":2},"end":{"line":79,"column":5}},"43":{"start":{"line":74,"column":4},"end":{"line":78,"column":5}},"44":{"start":{"line":75,"column":6},"end":{"line":75,"column":16}},"45":{"start":{"line":76,"column":6},"end":{"line":76,"column":24}},"46":{"start":{"line":77,"column":27},"end":{"line":77,"column":159}},"47":{"start":{"line":83,"column":2},"end":{"line":83,"column":9}},"48":{"start":{"line":86,"column":0},"end":{"line":88,"column":3}},"49":{"start":{"line":87,"column":2},"end":{"line":87,"column":53}},"50":{"start":{"line":89,"column":0},"end":{"line":91,"column":3}},"51":{"start":{"line":90,"column":2},"end":{"line":90,"column":51}},"52":{"start":{"line":92,"column":0},"end":{"line":94,"column":3}},"53":{"start":{"line":93,"column":2},"end":{"line":93,"column":58}},"54":{"start":{"line":96,"column":0},"end":{"line":96,"column":21}},"55":{"start":{"line":97,"column":0},"end":{"line":97,"column":20}},"56":{"start":{"line":99,"column":17},"end":{"line":106,"column":1}},"57":{"start":{"line":100,"column":13},"end":{"line":100,"column":15}},"58":{"start":{"line":101,"column":12},"end":{"line":101,"column":31}},"59":{"start":{"line":102,"column":2},"end":{"line":102,"column":62}},"60":{"start":{"line":103,"column":2},"end":{"line":103,"column":57}},"61":{"start":{"line":104,"column":2},"end":{"line":104,"column":43}},"62":{"start":{"line":105,"column":2},"end":{"line":105,"column":30}},"63":{"start":{"line":108,"column":0},"end":{"line":134,"column":2}},"64":{"start":{"line":111,"column":21},"end":{"line":111,"column":46}},"65":{"start":{"line":113,"column":4},"end":{"line":113,"column":57}},"66":{"start":{"line":115,"column":4},"end":{"line":118,"column":5}},"67":{"start":{"line":116,"column":6},"end":{"line":116,"column":46}},"68":{"start":{"line":117,"column":6},"end":{"line":117,"column":48}},"69":{"start":{"line":119,"column":4},"end":{"line":125,"column":7}},"70":{"start":{"line":120,"column":6},"end":{"line":124,"column":9}},"71":{"start":{"line":121,"column":8},"end":{"line":123,"column":9}},"72":{"start":{"line":122,"column":10},"end":{"line":122,"column":27}},"73":{"start":{"line":126,"column":4},"end":{"line":132,"column":7}},"74":{"start":{"line":127,"column":6},"end":{"line":131,"column":9}},"75":{"start":{"line":128,"column":8},"end":{"line":130,"column":9}},"76":{"start":{"line":129,"column":10},"end":{"line":129,"column":27}}},"fnMap":{"0":{"name":"(anonymous_0)","decl":{"start":{"line":10,"column":28},"end":{"line":10,"column":29}},"loc":{"start":{"line":10,"column":54},"end":{"line":48,"column":1}},"line":10},"1":{"name":"(anonymous_1)","decl":{"start":{"line":12,"column":45},"end":{"line":12,"column":46}},"loc":{"start":{"line":12,"column":60},"end":{"line":46,"column":3}},"line":12},"2":{"name":"(anonymous_2)","decl":{"start":{"line":17,"column":47},"end":{"line":17,"column":48}},"loc":{"start":{"line":17,"column":62},"end":{"line":39,"column":9}},"line":17},"3":{"name":"(anonymous_3)","decl":{"start":{"line":25,"column":81},"end":{"line":25,"column":82}},"loc":{"start":{"line":25,"column":102},"end":{"line":30,"column":13}},"line":25},"4":{"name":"(anonymous_4)","decl":{"start":{"line":31,"column":63},"end":{"line":31,"column":64}},"loc":{"start":{"line":31,"column":84},"end":{"line":37,"column":13}},"line":31},"5":{"name":"(anonymous_5)","decl":{"start":{"line":49,"column":25},"end":{"line":49,"column":26}},"loc":{"start":{"line":49,"column":46},"end":{"line":51,"column":1}},"line":49},"6":{"name":"(anonymous_6)","decl":{"start":{"line":52,"column":28},"end":{"line":52,"column":29}},"loc":{"start":{"line":52,"column":44},"end":{"line":54,"column":1}},"line":52},"7":{"name":"(anonymous_7)","decl":{"start":{"line":55,"column":27},"end":{"line":55,"column":28}},"loc":{"start":{"line":55,"column":43},"end":{"line":57,"column":1}},"line":55},"8":{"name":"(anonymous_8)","decl":{"start":{"line":59,"column":26},"end":{"line":59,"column":27}},"loc":{"start":{"line":59,"column":52},"end":{"line":85,"column":1}},"line":59},"9":{"name":"(anonymous_9)","decl":{"start":{"line":73,"column":27},"end":{"line":73,"column":28}},"loc":{"start":{"line":73,"column":43},"end":{"line":79,"column":3}},"line":73},"10":{"name":"(anonymous_10)","decl":{"start":{"line":86,"column":24},"end":{"line":86,"column":25}},"loc":{"start":{"line":86,"column":45},"end":{"line":88,"column":1}},"line":86},"11":{"name":"(anonymous_11)","decl":{"start":{"line":89,"column":27},"end":{"line":89,"column":28}},"loc":{"start":{"line":89,"column":43},"end":{"line":91,"column":1}},"line":89},"12":{"name":"(anonymous_12)","decl":{"start":{"line":92,"column":26},"end":{"line":92,"column":27}},"loc":{"start":{"line":92,"column":42},"end":{"line":94,"column":1}},"line":92},"13":{"name":"(anonymous_13)","decl":{"start":{"line":99,"column":17},"end":{"line":99,"column":18}},"loc":{"start":{"line":99,"column":31},"end":{"line":106,"column":1}},"line":99},"14":{"name":"(anonymous_14)","decl":{"start":{"line":109,"column":16},"end":{"line":109,"column":17}},"loc":{"start":{"line":109,"column":30},"end":{"line":133,"column":3}},"line":109},"15":{"name":"(anonymous_15)","decl":{"start":{"line":119,"column":28},"end":{"line":119,"column":29}},"loc":{"start":{"line":119,"column":37},"end":{"line":125,"column":5}},"line":119},"16":{"name":"(anonymous_16)","decl":{"start":{"line":120,"column":58},"end":{"line":120,"column":59}},"loc":{"start":{"line":120,"column":73},"end":{"line":124,"column":7}},"line":120},"17":{"name":"(anonymous_17)","decl":{"start":{"line":126,"column":29},"end":{"line":126,"column":30}},"loc":{"start":{"line":126,"column":39},"end":{"line":132,"column":5}},"line":126},"18":{"name":"(anonymous_18)","decl":{"start":{"line":127,"column":60},"end":{"line":127,"column":61}},"loc":{"start":{"line":127,"column":75},"end":{"line":131,"column":7}},"line":127}},"branchMap":{"0":{"loc":{"start":{"line":13,"column":4},"end":{"line":45,"column":5}},"type":"if","locations":[{"start":{"line":13,"column":4},"end":{"line":45,"column":5}},{"start":{"line":13,"column":4},"end":{"line":45,"column":5}}],"line":13},"1":{"loc":{"start":{"line":16,"column":6},"end":{"line":44,"column":7}},"type":"if","locations":[{"start":{"line":16,"column":6},"end":{"line":44,"column":7}},{"start":{"line":16,"column":6},"end":{"line":44,"column":7}}],"line":16},"2":{"loc":{"start":{"line":18,"column":10},"end":{"line":38,"column":11}},"type":"if","locations":[{"start":{"line":18,"column":10},"end":{"line":38,"column":11}},{"start":{"line":18,"column":10},"end":{"line":38,"column":11}}],"line":18},"3":{"loc":{"start":{"line":26,"column":14},"end":{"line":29,"column":15}},"type":"if","locations":[{"start":{"line":26,"column":14},"end":{"line":29,"column":15}},{"start":{"line":26,"column":14},"end":{"line":29,"column":15}}],"line":26},"4":{"loc":{"start":{"line":28,"column":21},"end":{"line":29,"column":15}},"type":"if","locations":[{"start":{"line":28,"column":21},"end":{"line":29,"column":15}},{"start":{"line":28,"column":21},"end":{"line":29,"column":15}}],"line":28},"5":{"loc":{"start":{"line":32,"column":14},"end":{"line":36,"column":15}},"type":"if","locations":[{"start":{"line":32,"column":14},"end":{"line":36,"column":15}},{"start":{"line":32,"column":14},"end":{"line":36,"column":15}}],"line":32},"6":{"loc":{"start":{"line":74,"column":4},"end":{"line":78,"column":5}},"type":"if","locations":[{"start":{"line":74,"column":4},"end":{"line":78,"column":5}},{"start":{"line":74,"column":4},"end":{"line":78,"column":5}}],"line":74},"7":{"loc":{"start":{"line":121,"column":8},"end":{"line":123,"column":9}},"type":"if","locations":[{"start":{"line":121,"column":8},"end":{"line":123,"column":9}},{"start":{"line":121,"column":8},"end":{"line":123,"column":9}}],"line":121},"8":{"loc":{"start":{"line":128,"column":8},"end":{"line":130,"column":9}},"type":"if","locations":[{"start":{"line":128,"column":8},"end":{"line":130,"column":9}},{"start":{"line":128,"column":8},"end":{"line":130,"column":9}}],"line":128}},"s":{"0":1,"1":1,"2":1,"3":1,"4":1,"5":1,"6":1,"7":1,"8":0,"9":0,"10":0,"11":0,"12":0,"13":0,"14":0,"15":0,"16":0,"17":0,"18":0,"19":0,"20":0,"21":0,"22":0,"23":0,"24":0,"25":0,"26":0,"27":0,"28":0,"29":0,"30":1,"31":0,"32":1,"33":0,"34":1,"35":0,"36":1,"37":0,"38":0,"39":0,"40":0,"41":0,"42":0,"43":0,"44":0,"45":0,"46":0,"47":0,"48":1,"49":0,"50":1,"51":0,"52":1,"53":0,"54":1,"55":1,"56":1,"57":0,"58":0,"59":0,"60":0,"61":0,"62":0,"63":1,"64":0,"65":0,"66":0,"67":0,"68":0,"69":0,"70":0,"71":0,"72":0,"73":0,"74":0,"75":0,"76":0},"f":{"0":0,"1":0,"2":0,"3":0,"4":0,"5":0,"6":0,"7":0,"8":0,"9":0,"10":0,"11":0,"12":0,"13":0,"14":0,"15":0,"16":0,"17":0,"18":0},"b":{"0":[0,0],"1":[0,0],"2":[0,0],"3":[0,0],"4":[0,0],"5":[0,0],"6":[0,0],"7":[0,0],"8":[0,0]},"_coverageSchema":"332fd63041d2c1bcb487cc26dd0d5f7d97098a6c","hash":"c5a23b539a8f76547218274de0459a0e2b3f05b2","contentHash":"1773287b77d5bd782a1d9aa70d11120a_11.4.1"},"/Users/mishalla/Desktop/SurgeReactor/server/db.js":{"path":"/Users/mishalla/Desktop/SurgeReactor/server/db.js","statementMap":{"0":{"start":{"line":1,"column":17},"end":{"line":1,"column":36}},"1":{"start":{"line":3,"column":0},"end":{"line":3,"column":46}},"2":{"start":{"line":4,"column":11},"end":{"line":4,"column":30}},"3":{"start":{"line":6,"column":17},"end":{"line":6,"column":41}},"4":{"start":{"line":8,"column":12},"end":{"line":8,"column":28}},"5":{"start":{"line":9,"column":13},"end":{"line":9,"column":33}},"6":{"start":{"line":11,"column":0},"end":{"line":13,"column":3}},"7":{"start":{"line":12,"column":2},"end":{"line":12,"column":46}},"8":{"start":{"line":17,"column":0},"end":{"line":19,"column":3}},"9":{"start":{"line":18,"column":2},"end":{"line":18,"column":49}},"10":{"start":{"line":21,"column":28},"end":{"line":31,"column":2}},"11":{"start":{"line":33,"column":20},"end":{"line":36,"column":2}},"12":{"start":{"line":39,"column":22},"end":{"line":39,"column":74}},"13":{"start":{"line":40,"column":14},"end":{"line":40,"column":50}},"14":{"start":{"line":43,"column":38},"end":{"line":56,"column":1}},"15":{"start":{"line":44,"column":16},"end":{"line":44,"column":20}},"16":{"start":{"line":45,"column":2},"end":{"line":53,"column":3}},"17":{"start":{"line":46,"column":4},"end":{"line":46,"column":19}},"18":{"start":{"line":47,"column":9},"end":{"line":53,"column":3}},"19":{"start":{"line":48,"column":4},"end":{"line":48,"column":19}},"20":{"start":{"line":49,"column":9},"end":{"line":53,"column":3}},"21":{"start":{"line":50,"column":4},"end":{"line":50,"column":19}},"22":{"start":{"line":51,"column":9},"end":{"line":53,"column":3}},"23":{"start":{"line":52,"column":4},"end":{"line":52,"column":19}},"24":{"start":{"line":54,"column":2},"end":{"line":54,"column":27}},"25":{"start":{"line":55,"column":2},"end":{"line":55,"column":14}},"26":{"start":{"line":58,"column":23},"end":{"line":65,"column":1}},"27":{"start":{"line":59,"column":14},"end":{"line":59,"column":29}},"28":{"start":{"line":61,"column":2},"end":{"line":63,"column":5}},"29":{"start":{"line":62,"column":4},"end":{"line":62,"column":46}},"30":{"start":{"line":67,"column":19},"end":{"line":82,"column":1}},"31":{"start":{"line":70,"column":2},"end":{"line":81,"column":3}},"32":{"start":{"line":71,"column":25},"end":{"line":71,"column":26}},"33":{"start":{"line":72,"column":26},"end":{"line":72,"column":27}},"34":{"start":{"line":73,"column":4},"end":{"line":76,"column":7}},"35":{"start":{"line":74,"column":6},"end":{"line":74,"column":37}},"36":{"start":{"line":75,"column":6},"end":{"line":75,"column":39}},"37":{"start":{"line":78,"column":27},"end":{"line":78,"column":67}},"38":{"start":{"line":79,"column":28},"end":{"line":79,"column":69}},"39":{"start":{"line":80,"column":4},"end":{"line":80,"column":52}},"40":{"start":{"line":84,"column":20},"end":{"line":113,"column":1}},"41":{"start":{"line":85,"column":2},"end":{"line":85,"column":43}},"42":{"start":{"line":86,"column":15},"end":{"line":86,"column":37}},"43":{"start":{"line":87,"column":16},"end":{"line":87,"column":39}},"44":{"start":{"line":88,"column":14},"end":{"line":88,"column":32}},"45":{"start":{"line":89,"column":15},"end":{"line":89,"column":37}},"46":{"start":{"line":90,"column":17},"end":{"line":90,"column":38}},"47":{"start":{"line":91,"column":18},"end":{"line":91,"column":39}},"48":{"start":{"line":94,"column":12},"end":{"line":94,"column":14}},"49":{"start":{"line":96,"column":2},"end":{"line":104,"column":3}},"50":{"start":{"line":97,"column":4},"end":{"line":97,"column":13}},"51":{"start":{"line":98,"column":9},"end":{"line":104,"column":3}},"52":{"start":{"line":99,"column":4},"end":{"line":99,"column":13}},"53":{"start":{"line":100,"column":9},"end":{"line":104,"column":3}},"54":{"start":{"line":101,"column":4},"end":{"line":101,"column":13}},"55":{"start":{"line":102,"column":9},"end":{"line":104,"column":3}},"56":{"start":{"line":103,"column":4},"end":{"line":103,"column":13}},"57":{"start":{"line":106,"column":2},"end":{"line":112,"column":5}},"58":{"start":{"line":107,"column":4},"end":{"line":111,"column":5}},"59":{"start":{"line":108,"column":6},"end":{"line":108,"column":23}},"60":{"start":{"line":110,"column":6},"end":{"line":110,"column":23}},"61":{"start":{"line":115,"column":13},"end":{"line":115,"column":60}},"62":{"start":{"line":116,"column":16},"end":{"line":116,"column":63}},"63":{"start":{"line":117,"column":15},"end":{"line":117,"column":62}},"64":{"start":{"line":118,"column":18},"end":{"line":118,"column":65}},"65":{"start":{"line":121,"column":0},"end":{"line":212,"column":2}},"66":{"start":{"line":123,"column":14},"end":{"line":123,"column":30}},"67":{"start":{"line":124,"column":15},"end":{"line":124,"column":17}},"68":{"start":{"line":126,"column":25},"end":{"line":130,"column":5}},"69":{"start":{"line":127,"column":6},"end":{"line":127,"column":27}},"70":{"start":{"line":128,"column":6},"end":{"line":128,"column":28}},"71":{"start":{"line":129,"column":6},"end":{"line":129,"column":59}},"72":{"start":{"line":132,"column":26},"end":{"line":166,"column":5}},"73":{"start":{"line":134,"column":24},"end":{"line":147,"column":7}},"74":{"start":{"line":149,"column":35},"end":{"line":151,"column":7}},"75":{"start":{"line":150,"column":8},"end":{"line":150,"column":42}},"76":{"start":{"line":153,"column":20},"end":{"line":153,"column":54}},"77":{"start":{"line":155,"column":19},"end":{"line":155,"column":60}},"78":{"start":{"line":157,"column":21},"end":{"line":157,"column":62}},"79":{"start":{"line":159,"column":18},"end":{"line":159,"column":77}},"80":{"start":{"line":161,"column":19},"end":{"line":161,"column":23}},"81":{"start":{"line":163,"column":19},"end":{"line":163,"column":92}},"82":{"start":{"line":164,"column":24},"end":{"line":164,"column":89}},"83":{"start":{"line":165,"column":6},"end":{"line":165,"column":23}},"84":{"start":{"line":168,"column":21},"end":{"line":183,"column":5}},"85":{"start":{"line":169,"column":21},"end":{"line":169,"column":36}},"86":{"start":{"line":170,"column":19},"end":{"line":170,"column":36}},"87":{"start":{"line":172,"column":6},"end":{"line":182,"column":9}},"88":{"start":{"line":185,"column":26},"end":{"line":194,"column":5}},"89":{"start":{"line":187,"column":6},"end":{"line":193,"column":9}},"90":{"start":{"line":188,"column":8},"end":{"line":192,"column":9}},"91":{"start":{"line":189,"column":10},"end":{"line":189,"column":64}},"92":{"start":{"line":191,"column":10},"end":{"line":191,"column":80}},"93":{"start":{"line":196,"column":4},"end":{"line":198,"column":5}},"94":{"start":{"line":197,"column":6},"end":{"line":197,"column":28}},"95":{"start":{"line":199,"column":4},"end":{"line":199,"column":20}},"96":{"start":{"line":204,"column":4},"end":{"line":209,"column":7}},"97":{"start":{"line":205,"column":6},"end":{"line":207,"column":7}},"98":{"start":{"line":206,"column":8},"end":{"line":206,"column":18}},"99":{"start":{"line":208,"column":6},"end":{"line":208,"column":22}}},"fnMap":{"0":{"name":"(anonymous_0)","decl":{"start":{"line":11,"column":21},"end":{"line":11,"column":22}},"loc":{"start":{"line":11,"column":27},"end":{"line":13,"column":1}},"line":11},"1":{"name":"(anonymous_1)","decl":{"start":{"line":17,"column":16},"end":{"line":17,"column":17}},"loc":{"start":{"line":17,"column":22},"end":{"line":19,"column":1}},"line":17},"2":{"name":"(anonymous_2)","decl":{"start":{"line":43,"column":38},"end":{"line":43,"column":39}},"loc":{"start":{"line":43,"column":57},"end":{"line":56,"column":1}},"line":43},"3":{"name":"(anonymous_3)","decl":{"start":{"line":58,"column":23},"end":{"line":58,"column":24}},"loc":{"start":{"line":58,"column":43},"end":{"line":65,"column":1}},"line":58},"4":{"name":"(anonymous_4)","decl":{"start":{"line":61,"column":34},"end":{"line":61,"column":35}},"loc":{"start":{"line":61,"column":49},"end":{"line":63,"column":3}},"line":61},"5":{"name":"(anonymous_5)","decl":{"start":{"line":67,"column":19},"end":{"line":67,"column":20}},"loc":{"start":{"line":67,"column":29},"end":{"line":82,"column":1}},"line":67},"6":{"name":"(anonymous_6)","decl":{"start":{"line":73,"column":18},"end":{"line":73,"column":19}},"loc":{"start":{"line":73,"column":28},"end":{"line":76,"column":5}},"line":73},"7":{"name":"(anonymous_7)","decl":{"start":{"line":84,"column":20},"end":{"line":84,"column":21}},"loc":{"start":{"line":84,"column":34},"end":{"line":113,"column":1}},"line":84},"8":{"name":"(anonymous_8)","decl":{"start":{"line":106,"column":105},"end":{"line":106,"column":106}},"loc":{"start":{"line":106,"column":120},"end":{"line":112,"column":3}},"line":106},"9":{"name":"(anonymous_9)","decl":{"start":{"line":122,"column":16},"end":{"line":122,"column":17}},"loc":{"start":{"line":122,"column":22},"end":{"line":201,"column":3}},"line":122},"10":{"name":"(anonymous_10)","decl":{"start":{"line":126,"column":25},"end":{"line":126,"column":26}},"loc":{"start":{"line":126,"column":39},"end":{"line":130,"column":5}},"line":126},"11":{"name":"(anonymous_11)","decl":{"start":{"line":132,"column":26},"end":{"line":132,"column":27}},"loc":{"start":{"line":132,"column":32},"end":{"line":166,"column":5}},"line":132},"12":{"name":"(anonymous_12)","decl":{"start":{"line":149,"column":35},"end":{"line":149,"column":36}},"loc":{"start":{"line":149,"column":44},"end":{"line":151,"column":7}},"line":149},"13":{"name":"(anonymous_13)","decl":{"start":{"line":168,"column":21},"end":{"line":168,"column":22}},"loc":{"start":{"line":168,"column":27},"end":{"line":183,"column":5}},"line":168},"14":{"name":"(anonymous_14)","decl":{"start":{"line":185,"column":26},"end":{"line":185,"column":27}},"loc":{"start":{"line":185,"column":32},"end":{"line":194,"column":5}},"line":185},"15":{"name":"(anonymous_15)","decl":{"start":{"line":187,"column":44},"end":{"line":187,"column":45}},"loc":{"start":{"line":187,"column":59},"end":{"line":193,"column":7}},"line":187},"16":{"name":"(anonymous_16)","decl":{"start":{"line":203,"column":15},"end":{"line":203,"column":16}},"loc":{"start":{"line":203,"column":23},"end":{"line":211,"column":3}},"line":203},"17":{"name":"(anonymous_17)","decl":{"start":{"line":204,"column":29},"end":{"line":204,"column":30}},"loc":{"start":{"line":204,"column":45},"end":{"line":209,"column":5}},"line":204}},"branchMap":{"0":{"loc":{"start":{"line":45,"column":2},"end":{"line":53,"column":3}},"type":"if","locations":[{"start":{"line":45,"column":2},"end":{"line":53,"column":3}},{"start":{"line":45,"column":2},"end":{"line":53,"column":3}}],"line":45},"1":{"loc":{"start":{"line":47,"column":9},"end":{"line":53,"column":3}},"type":"if","locations":[{"start":{"line":47,"column":9},"end":{"line":53,"column":3}},{"start":{"line":47,"column":9},"end":{"line":53,"column":3}}],"line":47},"2":{"loc":{"start":{"line":49,"column":9},"end":{"line":53,"column":3}},"type":"if","locations":[{"start":{"line":49,"column":9},"end":{"line":53,"column":3}},{"start":{"line":49,"column":9},"end":{"line":53,"column":3}}],"line":49},"3":{"loc":{"start":{"line":51,"column":9},"end":{"line":53,"column":3}},"type":"if","locations":[{"start":{"line":51,"column":9},"end":{"line":53,"column":3}},{"start":{"line":51,"column":9},"end":{"line":53,"column":3}}],"line":51},"4":{"loc":{"start":{"line":70,"column":2},"end":{"line":81,"column":3}},"type":"if","locations":[{"start":{"line":70,"column":2},"end":{"line":81,"column":3}},{"start":{"line":70,"column":2},"end":{"line":81,"column":3}}],"line":70},"5":{"loc":{"start":{"line":96,"column":2},"end":{"line":104,"column":3}},"type":"if","locations":[{"start":{"line":96,"column":2},"end":{"line":104,"column":3}},{"start":{"line":96,"column":2},"end":{"line":104,"column":3}}],"line":96},"6":{"loc":{"start":{"line":98,"column":9},"end":{"line":104,"column":3}},"type":"if","locations":[{"start":{"line":98,"column":9},"end":{"line":104,"column":3}},{"start":{"line":98,"column":9},"end":{"line":104,"column":3}}],"line":98},"7":{"loc":{"start":{"line":100,"column":9},"end":{"line":104,"column":3}},"type":"if","locations":[{"start":{"line":100,"column":9},"end":{"line":104,"column":3}},{"start":{"line":100,"column":9},"end":{"line":104,"column":3}}],"line":100},"8":{"loc":{"start":{"line":102,"column":9},"end":{"line":104,"column":3}},"type":"if","locations":[{"start":{"line":102,"column":9},"end":{"line":104,"column":3}},{"start":{"line":102,"column":9},"end":{"line":104,"column":3}}],"line":102},"9":{"loc":{"start":{"line":107,"column":4},"end":{"line":111,"column":5}},"type":"if","locations":[{"start":{"line":107,"column":4},"end":{"line":111,"column":5}},{"start":{"line":107,"column":4},"end":{"line":111,"column":5}}],"line":107},"10":{"loc":{"start":{"line":150,"column":15},"end":{"line":150,"column":41}},"type":"cond-expr","locations":[{"start":{"line":150,"column":26},"end":{"line":150,"column":35}},{"start":{"line":150,"column":38},"end":{"line":150,"column":41}}],"line":150},"11":{"loc":{"start":{"line":188,"column":8},"end":{"line":192,"column":9}},"type":"if","locations":[{"start":{"line":188,"column":8},"end":{"line":192,"column":9}},{"start":{"line":188,"column":8},"end":{"line":192,"column":9}}],"line":188},"12":{"loc":{"start":{"line":205,"column":6},"end":{"line":207,"column":7}},"type":"if","locations":[{"start":{"line":205,"column":6},"end":{"line":207,"column":7}},{"start":{"line":205,"column":6},"end":{"line":207,"column":7}}],"line":205}},"s":{"0":1,"1":1,"2":1,"3":1,"4":1,"5":1,"6":1,"7":1,"8":1,"9":0,"10":1,"11":1,"12":1,"13":1,"14":1,"15":0,"16":0,"17":0,"18":0,"19":0,"20":0,"21":0,"22":0,"23":0,"24":0,"25":0,"26":1,"27":0,"28":0,"29":0,"30":1,"31":0,"32":0,"33":0,"34":0,"35":0,"36":0,"37":0,"38":0,"39":0,"40":1,"41":0,"42":0,"43":0,"44":0,"45":0,"46":0,"47":0,"48":0,"49":0,"50":0,"51":0,"52":0,"53":0,"54":0,"55":0,"56":0,"57":0,"58":0,"59":0,"60":0,"61":1,"62":1,"63":1,"64":1,"65":1,"66":0,"67":0,"68":0,"69":0,"70":0,"71":0,"72":0,"73":0,"74":0,"75":0,"76":0,"77":0,"78":0,"79":0,"80":0,"81":0,"82":0,"83":0,"84":0,"85":0,"86":0,"87":0,"88":0,"89":0,"90":0,"91":0,"92":0,"93":0,"94":0,"95":0,"96":1,"97":1,"98":1,"99":1},"f":{"0":1,"1":0,"2":0,"3":0,"4":0,"5":0,"6":0,"7":0,"8":0,"9":0,"10":0,"11":0,"12":0,"13":0,"14":0,"15":0,"16":1,"17":1},"b":{"0":[0,0],"1":[0,0],"2":[0,0],"3":[0,0],"4":[0,0],"5":[0,0],"6":[0,0],"7":[0,0],"8":[0,0],"9":[0,0],"10":[0,0],"11":[0,0],"12":[1,0]},"_coverageSchema":"332fd63041d2c1bcb487cc26dd0d5f7d97098a6c","hash":"cef4d498012e3dba7431304060d436a876334bd8","contentHash":"1755bdd25f59ca5bfefc9001bddad58f_11.4.1"}}